# JRE version: OpenJDK Runtime Environment (17.0+14) (build 17-ea+14)
# Java VM: OpenJDK 64-Bit Server VM (17-ea+14, mixed mode, sharing, tiered, compressed oops, compressed class ptrs, g1 gc, linux-amd64)
GC Precious Log:
 CPUs: 5 total, 5 available
 Memory: 1988M
 Large Page Support: Disabled
 NUMA Support: Disabled
 Compressed Oops: Enabled (32-bit)
 Heap Region Size: 1M
 Heap Min Capacity: 8M
 Heap Initial Capacity: 32M
 Heap Max Capacity: 498M
 Pre-touch: Disabled
 Parallel Workers: 5
 Concurrent Workers: 1
 Concurrent Refinement Workers: 5
 Periodic GC: Disabled
Heap:
 garbage-first heap   total 64512K, used 36621K [0x00000000e0e00000, 0x0000000100000000)
  region size 1024K, 32 young (32768K), 4 survivors (4096K)
 Metaspace       used 18797K, committed 19136K, reserved 1073152K
  class space    used 2322K, committed 2496K, reserved 1048576K
GC Heap History (20 events):
Event: 1.407 GC heap before
{Heap before GC invocations=1 (full 0):
 garbage-first heap   total 34816K, used 18392K [0x00000000e0e00000, 0x0000000100000000)
  region size 1024K, 18 young (18432K), 1 survivors (1024K)
 Metaspace       used 1170K, committed 1344K, reserved 1056768K
  class space    used 114K, committed 192K, reserved 1048576K
}
Event: 1.413 GC heap after
{Heap after GC invocations=2 (full 0):
 garbage-first heap   total 34816K, used 2103K [0x00000000e0e00000, 0x0000000100000000)
  region size 1024K, 2 young (2048K), 2 survivors (2048K)
 Metaspace       used 1170K, committed 1344K, reserved 1056768K
  class space    used 114K, committed 192K, reserved 1048576K
}
Event: 1.719 GC heap before
{Heap before GC invocations=2 (full 0):
 garbage-first heap   total 34816K, used 18487K [0x00000000e0e00000, 0x0000000100000000)
  region size 1024K, 19 young (19456K), 2 survivors (2048K)
 Metaspace       used 1367K, committed 1536K, reserved 1056768K
  class space    used 120K, committed 192K, reserved 1048576K
}
Event: 1.727 GC heap after
{Heap after GC invocations=3 (full 0):
 garbage-first heap   total 34816K, used 2303K [0x00000000e0e00000, 0x0000000100000000)
  region size 1024K, 2 young (2048K), 2 survivors (2048K)
 Metaspace       used 1367K, committed 1536K, reserved 1056768K
  class space    used 120K, committed 192K, reserved 1048576K
}
Event: 2.882 GC heap before
{Heap before GC invocations=3 (full 0):
 garbage-first heap   total 34816K, used 19711K [0x00000000e0e00000, 0x0000000100000000)
  region size 1024K, 19 young (19456K), 2 survivors (2048K)
 Metaspace       used 2963K, committed 3136K, reserved 1056768K
  class space    used 272K, committed 384K, reserved 1048576K
}
Event: 2.895 GC heap after
{Heap after GC invocations=4 (full 0):
 garbage-first heap   total 34816K, used 3141K [0x00000000e0e00000, 0x0000000100000000)
  region size 1024K, 3 young (3072K), 3 survivors (3072K)
 Metaspace       used 2963K, committed 3136K, reserved 1056768K
  class space    used 272K, committed 384K, reserved 1048576K
}
Event: 3.536 GC heap before
{Heap before GC invocations=4 (full 0):
 garbage-first heap   total 34816K, used 19525K [0x00000000e0e00000, 0x0000000100000000)
  region size 1024K, 19 young (19456K), 3 survivors (3072K)
 Metaspace       used 4110K, committed 4288K, reserved 1056768K
  class space    used 420K, committed 512K, reserved 1048576K
}
Event: 3.552 GC heap after
{Heap after GC invocations=5 (full 0):
 garbage-first heap   total 64512K, used 3552K [0x00000000e0e00000, 0x0000000100000000)
  region size 1024K, 2 young (2048K), 2 survivors (2048K)
 Metaspace       used 4110K, committed 4288K, reserved 1056768K
  class space    used 420K, committed 512K, reserved 1048576K
}
Event: 5.260 GC heap before
{Heap before GC invocations=5 (full 0):
 garbage-first heap   total 64512K, used 39392K [0x00000000e0e00000, 0x0000000100000000)
  region size 1024K, 37 young (37888K), 2 survivors (2048K)
 Metaspace       used 7296K, committed 7488K, reserved 1056768K
  class space    used 871K, committed 960K, reserved 1048576K
}
Event: 5.278 GC heap after
{Heap after GC invocations=6 (full 0):
 garbage-first heap   total 64512K, used 4722K [0x00000000e0e00000, 0x0000000100000000)
  region size 1024K, 3 young (3072K), 3 survivors (3072K)
 Metaspace       used 7296K, committed 7488K, reserved 1056768K
  class space    used 871K, committed 960K, reserved 1048576K
}
Event: 5.998 GC heap before
{Heap before GC invocations=6 (full 0):
 garbage-first heap   total 64512K, used 38514K [0x00000000e0e00000, 0x0000000100000000)
  region size 1024K, 37 young (37888K), 3 survivors (3072K)
 Metaspace       used 10010K, committed 10240K, reserved 1064960K
  class space    used 1208K, committed 1344K, reserved 1048576K
}
Event: 6.012 GC heap after
{Heap after GC invocations=7 (full 0):
 garbage-first heap   total 64512K, used 5305K [0x00000000e0e00000, 0x0000000100000000)
  region size 1024K, 3 young (3072K), 3 survivors (3072K)
 Metaspace       used 10010K, committed 10240K, reserved 1064960K
  class space    used 1208K, committed 1344K, reserved 1048576K
}
Event: 6.671 GC heap before
{Heap before GC invocations=7 (full 0):
 garbage-first heap   total 64512K, used 40121K [0x00000000e0e00000, 0x0000000100000000)
  region size 1024K, 37 young (37888K), 3 survivors (3072K)
 Metaspace       used 13464K, committed 13632K, reserved 1064960K
  class space    used 1649K, committed 1728K, reserved 1048576K
}
Event: 6.684 GC heap after
{Heap after GC invocations=8 (full 0):
 garbage-first heap   total 64512K, used 5795K [0x00000000e0e00000, 0x0000000100000000)
  region size 1024K, 3 young (3072K), 3 survivors (3072K)
 Metaspace       used 13464K, committed 13632K, reserved 1064960K
  class space    used 1649K, committed 1728K, reserved 1048576K
}
Event: 8.791 GC heap before
{Heap before GC invocations=8 (full 0):
 garbage-first heap   total 64512K, used 40611K [0x00000000e0e00000, 0x0000000100000000)
  region size 1024K, 37 young (37888K), 3 survivors (3072K)
 Metaspace       used 15285K, committed 15552K, reserved 1064960K
  class space    used 1865K, committed 1984K, reserved 1048576K
}
Event: 8.834 GC heap after
{Heap after GC invocations=9 (full 0):
 garbage-first heap   total 64512K, used 6836K [0x00000000e0e00000, 0x0000000100000000)
  region size 1024K, 4 young (4096K), 4 survivors (4096K)
 Metaspace       used 15285K, committed 15552K, reserved 1064960K
  class space    used 1865K, committed 1984K, reserved 1048576K
}
Event: 9.639 GC heap before
{Heap before GC invocations=9 (full 0):
 garbage-first heap   total 64512K, used 40628K [0x00000000e0e00000, 0x0000000100000000)
  region size 1024K, 37 young (37888K), 4 survivors (4096K)
 Metaspace       used 16227K, committed 16512K, reserved 1064960K
  class space    used 1964K, committed 2112K, reserved 1048576K
}
Event: 9.664 GC heap after
{Heap after GC invocations=10 (full 0):
 garbage-first heap   total 64512K, used 7789K [0x00000000e0e00000, 0x0000000100000000)
  region size 1024K, 4 young (4096K), 4 survivors (4096K)
 Metaspace       used 16227K, committed 16512K, reserved 1064960K
  class space    used 1964K, committed 2112K, reserved 1048576K
}
Event: 10.856 GC heap before
{Heap before GC invocations=10 (full 0):
 garbage-first heap   total 64512K, used 41581K [0x00000000e0e00000, 0x0000000100000000)
  region size 1024K, 37 young (37888K), 4 survivors (4096K)
 Metaspace       used 17580K, committed 17856K, reserved 1073152K
  class space    used 2148K, committed 2304K, reserved 1048576K
}
Event: 10.880 GC heap after
{Heap after GC invocations=11 (full 0):
 garbage-first heap   total 64512K, used 8973K [0x00000000e0e00000, 0x0000000100000000)
  region size 1024K, 4 young (4096K), 4 survivors (4096K)
 Metaspace       used 17580K, committed 17856K, reserved 1073152K
  class space    used 2148K, committed 2304K, reserved 1048576K
}

